------------------------------
r-env 4.4.2
https://docs.csc.fi/apps/r-env
------------------------------

Attaching package: ‘dplyr’

The following objects are masked from ‘package:stats’:

    filter, lag

The following objects are masked from ‘package:base’:

    intersect, setdiff, setequal, union


Attaching package: ‘lubridate’

The following objects are masked from ‘package:base’:

    date, intersect, setdiff, union

[1] "Moisture distribution table before adding covariates"
# A tibble: 19 × 5
   siteid                     min      max    mean     n
   <chr>                    <dbl>    <dbl>   <dbl> <int>
 1 Dumbravita              9.8      53.9    31.5    3574
 2 Gamiz                   6.5      49.4    28.4    2413
 3 St Christol            14        49.3    35.0    1444
 4 Dobroc                  3        47.4    19.0    3121
 5 Kelheim-Parsberg        7.6      46.2    28.8    2276
 6 DumbravitaTrench        0.1      45.2    21.9    3167
 7 Wasserburg-Maitenbeth  11.3      44.1    31.8    1476
 8 Kranzberg-Freising      0.024    41.9    19.6    2905
 9 Llobera                 0        39.6    11.3    3299
10 Secanella               0        38.2    11.0    3671
11 Kacergine               6.34     26.7    15.2    1559
12 Zwolse Bos              0.0749    0.487   0.287  2224
13 Kroondomein             0.0596    0.466   0.298  2183
14 NP Hoge Veluwe          0.0310    0.334   0.189  2037
15 Karstula75            Inf      -Inf     NaN      1896
16 Karstula76            Inf      -Inf     NaN      2089
17 RincondelBatovi       Inf      -Inf     NaN      2911
18 Ränskälänkorpi        Inf      -Inf     NaN      5474
19 Saint Mitre           Inf      -Inf     NaN      2421
Warning message:
There were 10 warnings in `summarise()`.
The first warning was:
ℹ In argument: `min = min(tsmoisture, na.rm = TRUE)`.
ℹ In group 6: `siteid = "Karstula75"`.
Caused by warning in `min()`:
! no non-missing arguments to min; returning Inf
ℹ Run `dplyr::last_dplyr_warnings()` to see the 9 remaining warnings. 
[1] "3/MossN2"    "7/Z1"        "8/MossS4"    "9/Z5/MossS3" "91/MossN3"  
[6] "9/Z5"       
[1] "The fraction of observations that match moisture plots directly is: 0.2249. And the total number of matches is: 1231"
[1] 0.213555
[1] 0.9969083
   Min. 1st Qu.  Median    Mean 3rd Qu.    Max.    NA's 
     NA      NA      NA     NaN      NA      NA    2911 
   Min. 1st Qu.  Median    Mean 3rd Qu.    Max.    NA's 
     NA      NA      NA     NaN      NA      NA    2911 
   Min. 1st Qu.  Median    Mean 3rd Qu.    Max.    NA's 
     NA      NA      NA     NaN      NA      NA    2911 
[1] point    date     trenched j_flux   n       
<0 rows> (or 0-length row.names)
   tube.number       Date trenched n
1           16 2023-02-03     True 2
2           16 2023-02-17     True 2
3           30 2023-02-03     True 2
4           32 2023-04-28     True 2
5           45 2023-02-03     True 2
6           53 2023-04-28     True 2
7           54 2023-04-28     True 2
8           59 2023-04-28    False 4
9           64 2023-04-28     True 2
10          66 2023-04-28    False 2
11          70 2023-04-28     True 2
# A tibble: 18 × 6
   tube.number Date       soil_moisture T1_belowgr trenched details        
   <chr>       <date>             <dbl>      <dbl> <chr>    <chr>          
 1 30          2023-02-03       -0.0454       8.81 True     Natural Pasture
 2 30          2023-02-03       -0.0454       8.81 True     Natural Pasture
 3 32          2023-04-28        0.287       16.6  True     Natural Pasture
 4 32          2023-04-28        0.287       16.6  True     Natural Pasture
 5 53          2023-04-28        0.383       16.3  True     Natural Pasture
 6 53          2023-04-28        0.383       16.3  True     Natural Pasture
 7 54          2023-04-28        0.383       16.3  True     Natural Pasture
 8 54          2023-04-28        0.383       16.3  True     Natural Pasture
 9 59          2023-04-28        0.307       16.4  False    <NA>           
10 59          2023-04-28        0.307       16.5  False    <NA>           
11 59          2023-04-28        0.307       16.4  False    <NA>           
12 59          2023-04-28        0.307       16.5  False    <NA>           
13 64          2023-04-28        0.240       16.1  True     <NA>           
14 64          2023-04-28        0.240       16.1  True     <NA>           
15 66          2023-04-28        0.346       16.8  False    <NA>           
16 66          2023-04-28        0.346       16.8  False    <NA>           
17 70          2023-04-28        0.301       16.2  True     <NA>           
18 70          2023-04-28        0.301       16.2  True     <NA>           
# A tibble: 10 × 6
   tube.number Date       soil_moisture T1_belowgr trenched details
   <chr>       <date>             <dbl>      <dbl> <chr>    <chr>  
 1 16          2023-02-03       -0.0496       9.38 True     <NA>   
 2 16          2023-02-03       -0.0501       9    True     <NA>   
 3 16          2023-02-17       -0.0310      19.6  True     <NA>   
 4 16          2023-02-17       -0.0349      21.2  True     <NA>   
 5 45          2023-02-03       -0.0822       9.44 True     <NA>   
 6 45          2023-02-03       -0.0820       9.56 True     <NA>   
 7 59          2023-04-28        0.307       16.4  False    <NA>   
 8 59          2023-04-28        0.307       16.5  False    <NA>   
 9 59          2023-04-28        0.307       16.4  False    <NA>   
10 59          2023-04-28        0.307       16.5  False    <NA>   
# A tibble: 0 × 4
# ℹ 4 variables: tube.number <chr>, Date <date>, trenched <chr>, n <int>
    1     2     3     4     5     6     7     8     9    10    11    12    13 
FALSE FALSE FALSE FALSE FALSE FALSE FALSE FALSE FALSE FALSE FALSE FALSE FALSE 
   14    15    16    17    18    19    20    21    22    23    24    25    26 
FALSE FALSE FALSE FALSE FALSE FALSE FALSE FALSE FALSE FALSE FALSE FALSE FALSE 
   27    28    29    30    31    32    33    34    35    36    37    38    39 
FALSE FALSE FALSE FALSE FALSE FALSE FALSE FALSE FALSE FALSE FALSE FALSE FALSE 
   40    41    42    43    44    45    46    47    48    49    50    51    52 
FALSE FALSE FALSE FALSE FALSE FALSE FALSE FALSE FALSE FALSE FALSE FALSE FALSE 
   53    54    55    56    57    58    59    60    61    62    63    64    65 
FALSE FALSE FALSE FALSE FALSE FALSE FALSE FALSE FALSE FALSE FALSE FALSE FALSE 
   66    67    68    69    70    71    72    73    74    75    76    77    78 
FALSE FALSE FALSE FALSE FALSE FALSE FALSE FALSE FALSE FALSE FALSE FALSE FALSE 
   79    80    81    82    83    84    85    86    87    88    89    90    91 
FALSE FALSE FALSE FALSE FALSE FALSE FALSE FALSE FALSE FALSE FALSE FALSE FALSE 
   92    93    94    95    96    97    98    99   100   101   102   103   104 
FALSE FALSE FALSE FALSE FALSE FALSE FALSE FALSE FALSE FALSE FALSE FALSE FALSE 
  105   106   107   108   109   110   111   112   113   114   115   116   117 
FALSE FALSE FALSE FALSE FALSE FALSE FALSE FALSE FALSE FALSE FALSE FALSE FALSE 
  118   119   120   121   122   123   124   125   126   127   128 
FALSE FALSE FALSE FALSE FALSE FALSE FALSE FALSE FALSE FALSE FALSE 
     
      Control Thinning
  1         0       22
  2         0       22
  3         0       22
  4         0       22
  5         0       22
  6         0       22
  7         0       21
  8         0       22
  9         0       22
  10        0       21
  11        0       22
  12        0       22
  13        0       22
  14        0       22
  15        0       21
  16        0       22
  17        0       22
  18        0       22
  19        0       22
  20        0       22
  21        0       22
  22        0       22
  23        0       22
  24        0       21
  25       22        0
  26       21        0
  27       20        0
  28       21        0
  29       22        0
  30       21        0
  31       20        0
  32       21        0
  33       21        0
  34       21        0
  35       20        0
  36       21        0
  37       21        0
  38       21        0
  39       21        0
  40       21        0
  41        0       21
  42        0       21
  43        0       20
  44        0       20
  45        0       20
  46        0       20
  47        0       19
  48        0       21
  49        0       20
  50        0       20
  51        0       20
  52        0       21
  53        0       19
  54        0       19
  55        0       19
  56        0       20
  57        0       19
  58        0       19
  59        0       19
  60        0       20
  61        0       19
  62        0       19
  63        0       19
  64        0       19
  65        0       16
  66        0       16
  67        0       16
  68        0       17
  69        0       15
  70        0       15
  71        0       16
  72        0       17
  73        0       16
  74        0       16
  75        0       16
  76        0       17
  77       17        0
  78       16        0
  79       17        0
  80       18        0
  81       17        0
  82       17        0
  83       17        0
  84       18        0
  85       17        0
  86       17        0
  87       16        0
  88       17        0
  89       16        0
  90       17        0
  91       17        0
  92       18        0
  93        0       17
  94        0       17
  95        0       17
  96        0       18
  97        0       17
  98        0       17
  99        0       17
  100       0       17
  101       0       17
  102       0       17
  103       0       17
  104       0       19
  105       0       17
  106       0       17
  107       0       17
  108       0       18
  109       0       16
  110       0       17
  111       0       17
  112       0       18
  113       0       17
  114       0       16
  115       0       17
  116       0       18
  117       0       18
  118       0       18
  119       0       17
  120       0       19
  121       0       17
  122       0       18
  123       0       17
  124       0       19
  125       0       16
  126       0       17
  127       0       17
  128       0       19
     
      High thinning / Pine with understory vegetation
  1                                                 0
  2                                                 0
  3                                                 0
  4                                                 0
  5                                                 0
  6                                                 0
  7                                                 0
  8                                                 0
  9                                                 0
  10                                                0
  11                                                0
  12                                                0
  13                                                0
  14                                                0
  15                                                0
  16                                                0
  17                                                0
  18                                                0
  19                                                0
  20                                                0
  21                                               22
  22                                               22
  23                                               22
  24                                               21
  25                                                0
  26                                                0
  27                                                0
  28                                                0
  29                                                0
  30                                                0
  31                                                0
  32                                                0
  33                                                0
  34                                                0
  35                                                0
  36                                                0
  37                                                0
  38                                                0
  39                                                0
  40                                                0
  41                                                0
  42                                                0
  43                                                0
  44                                                0
  45                                                0
  46                                                0
  47                                                0
  48                                                0
  49                                                0
  50                                                0
  51                                                0
  52                                                0
  53                                                0
  54                                                0
  55                                                0
  56                                                0
  57                                                0
  58                                                0
  59                                                0
  60                                                0
  61                                                0
  62                                                0
  63                                                0
  64                                                0
  65                                                0
  66                                                0
  67                                                0
  68                                                0
  69                                                0
  70                                                0
  71                                                0
  72                                                0
  73                                               16
  74                                               16
  75                                               16
  76                                               17
  77                                                0
  78                                                0
  79                                                0
  80                                                0
  81                                                0
  82                                                0
  83                                                0
  84                                                0
  85                                                0
  86                                                0
  87                                                0
  88                                                0
  89                                                0
  90                                                0
  91                                                0
  92                                                0
  93                                                0
  94                                                0
  95                                                0
  96                                                0
  97                                                0
  98                                                0
  99                                                0
  100                                               0
  101                                               0
  102                                               0
  103                                               0
  104                                               0
  105                                               0
  106                                               0
  107                                               0
  108                                               0
  109                                               0
  110                                               0
  111                                               0
  112                                               0
  113                                              17
  114                                              16
  115                                              17
  116                                              18
  117                                               0
  118                                               0
  119                                               0
  120                                               0
  121                                               0
  122                                               0
  123                                               0
  124                                               0
  125                                              16
  126                                              17
  127                                              17
  128                                              19
     
      High thinning / Pine without understory vegetation
  1                                                    0
  2                                                    0
  3                                                    0
  4                                                    0
  5                                                    0
  6                                                    0
  7                                                    0
  8                                                    0
  9                                                    0
  10                                                   0
  11                                                   0
  12                                                   0
  13                                                   0
  14                                                   0
  15                                                   0
  16                                                   0
  17                                                  22
  18                                                  22
  19                                                  22
  20                                                  22
  21                                                   0
  22                                                   0
  23                                                   0
  24                                                   0
  25                                                   0
  26                                                   0
  27                                                   0
  28                                                   0
  29                                                   0
  30                                                   0
  31                                                   0
  32                                                   0
  33                                                   0
  34                                                   0
  35                                                   0
  36                                                   0
  37                                                   0
  38                                                   0
  39                                                   0
  40                                                   0
  41                                                   0
  42                                                   0
  43                                                   0
  44                                                   0
  45                                                   0
  46                                                   0
  47                                                   0
  48                                                   0
  49                                                   0
  50                                                   0
  51                                                   0
  52                                                   0
  53                                                   0
  54                                                   0
  55                                                   0
  56                                                   0
  57                                                   0
  58                                                   0
  59                                                   0
  60                                                   0
  61                                                   0
  62                                                   0
  63                                                   0
  64                                                   0
  65                                                   0
  66                                                   0
  67                                                   0
  68                                                   0
  69                                                  15
  70                                                  15
  71                                                  16
  72                                                  17
  73                                                   0
  74                                                   0
  75                                                   0
  76                                                   0
  77                                                   0
  78                                                   0
  79                                                   0
  80                                                   0
  81                                                   0
  82                                                   0
  83                                                   0
  84                                                   0
  85                                                   0
  86                                                   0
  87                                                   0
  88                                                   0
  89                                                   0
  90                                                   0
  91                                                   0
  92                                                   0
  93                                                   0
  94                                                   0
  95                                                   0
  96                                                   0
  97                                                   0
  98                                                   0
  99                                                   0
  100                                                  0
  101                                                  0
  102                                                  0
  103                                                  0
  104                                                  0
  105                                                  0
  106                                                  0
  107                                                  0
  108                                                  0
  109                                                 16
  110                                                 17
  111                                                 17
  112                                                 18
  113                                                  0
  114                                                  0
  115                                                  0
  116                                                  0
  117                                                  0
  118                                                  0
  119                                                  0
  120                                                  0
  121                                                 17
  122                                                 18
  123                                                 17
  124                                                 19
  125                                                  0
  126                                                  0
  127                                                  0
  128                                                  0
     
      High thinning / Trenching
  1                           0
  2                           0
  3                           0
  4                           0
  5                           0
  6                           0
  7                           0
  8                           0
  9                           0
  10                          0
  11                          0
  12                          0
  13                         22
  14                         22
  15                         21
  16                         22
  17                          0
  18                          0
  19                          0
  20                          0
  21                          0
  22                          0
  23                          0
  24                          0
  25                          0
  26                          0
  27                          0
  28                          0
  29                          0
  30                          0
  31                          0
  32                          0
  33                          0
  34                          0
  35                          0
  36                          0
  37                          0
  38                          0
  39                          0
  40                          0
  41                          0
  42                          0
  43                          0
  44                          0
  45                          0
  46                          0
  47                          0
  48                          0
  49                          0
  50                          0
  51                          0
  52                          0
  53                          0
  54                          0
  55                          0
  56                          0
  57                          0
  58                          0
  59                          0
  60                          0
  61                          0
  62                          0
  63                          0
  64                          0
  65                         16
  66                         16
  67                         16
  68                         17
  69                          0
  70                          0
  71                          0
  72                          0
  73                          0
  74                          0
  75                          0
  76                          0
  77                          0
  78                          0
  79                          0
  80                          0
  81                          0
  82                          0
  83                          0
  84                          0
  85                          0
  86                          0
  87                          0
  88                          0
  89                          0
  90                          0
  91                          0
  92                          0
  93                          0
  94                          0
  95                          0
  96                          0
  97                          0
  98                          0
  99                          0
  100                         0
  101                         0
  102                         0
  103                         0
  104                         0
  105                        17
  106                        17
  107                        17
  108                        18
  109                         0
  110                         0
  111                         0
  112                         0
  113                         0
  114                         0
  115                         0
  116                         0
  117                        18
  118                        18
  119                        17
  120                        19
  121                         0
  122                         0
  123                         0
  124                         0
  125                         0
  126                         0
  127                         0
  128                         0
     
      Medium thinning / Pine with understory vegetation
  1                                                   0
  2                                                   0
  3                                                   0
  4                                                   0
  5                                                   0
  6                                                   0
  7                                                   0
  8                                                   0
  9                                                  22
  10                                                 21
  11                                                 22
  12                                                 22
  13                                                  0
  14                                                  0
  15                                                  0
  16                                                  0
  17                                                  0
  18                                                  0
  19                                                  0
  20                                                  0
  21                                                  0
  22                                                  0
  23                                                  0
  24                                                  0
  25                                                  0
  26                                                  0
  27                                                  0
  28                                                  0
  29                                                  0
  30                                                  0
  31                                                  0
  32                                                  0
  33                                                  0
  34                                                  0
  35                                                  0
  36                                                  0
  37                                                  0
  38                                                  0
  39                                                  0
  40                                                  0
  41                                                  0
  42                                                  0
  43                                                  0
  44                                                  0
  45                                                  0
  46                                                  0
  47                                                  0
  48                                                  0
  49                                                 20
  50                                                 20
  51                                                 20
  52                                                 21
  53                                                  0
  54                                                  0
  55                                                  0
  56                                                  0
  57                                                  0
  58                                                  0
  59                                                  0
  60                                                  0
  61                                                 19
  62                                                 19
  63                                                 19
  64                                                 19
  65                                                  0
  66                                                  0
  67                                                  0
  68                                                  0
  69                                                  0
  70                                                  0
  71                                                  0
  72                                                  0
  73                                                  0
  74                                                  0
  75                                                  0
  76                                                  0
  77                                                  0
  78                                                  0
  79                                                  0
  80                                                  0
  81                                                  0
  82                                                  0
  83                                                  0
  84                                                  0
  85                                                  0
  86                                                  0
  87                                                  0
  88                                                  0
  89                                                  0
  90                                                  0
  91                                                  0
  92                                                  0
  93                                                  0
  94                                                  0
  95                                                  0
  96                                                  0
  97                                                  0
  98                                                  0
  99                                                  0
  100                                                 0
  101                                                17
  102                                                17
  103                                                17
  104                                                19
  105                                                 0
  106                                                 0
  107                                                 0
  108                                                 0
  109                                                 0
  110                                                 0
  111                                                 0
  112                                                 0
  113                                                 0
  114                                                 0
  115                                                 0
  116                                                 0
  117                                                 0
  118                                                 0
  119                                                 0
  120                                                 0
  121                                                 0
  122                                                 0
  123                                                 0
  124                                                 0
  125                                                 0
  126                                                 0
  127                                                 0
  128                                                 0
     
      Medium thinning / Pine without understory vegetation
  1                                                      0
  2                                                      0
  3                                                      0
  4                                                      0
  5                                                     22
  6                                                     22
  7                                                     21
  8                                                     22
  9                                                      0
  10                                                     0
  11                                                     0
  12                                                     0
  13                                                     0
  14                                                     0
  15                                                     0
  16                                                     0
  17                                                     0
  18                                                     0
  19                                                     0
  20                                                     0
  21                                                     0
  22                                                     0
  23                                                     0
  24                                                     0
  25                                                     0
  26                                                     0
  27                                                     0
  28                                                     0
  29                                                     0
  30                                                     0
  31                                                     0
  32                                                     0
  33                                                     0
  34                                                     0
  35                                                     0
  36                                                     0
  37                                                     0
  38                                                     0
  39                                                     0
  40                                                     0
  41                                                     0
  42                                                     0
  43                                                     0
  44                                                     0
  45                                                    20
  46                                                    20
  47                                                    19
  48                                                    21
  49                                                     0
  50                                                     0
  51                                                     0
  52                                                     0
  53                                                     0
  54                                                     0
  55                                                     0
  56                                                     0
  57                                                    19
  58                                                    19
  59                                                    19
  60                                                    20
  61                                                     0
  62                                                     0
  63                                                     0
  64                                                     0
  65                                                     0
  66                                                     0
  67                                                     0
  68                                                     0
  69                                                     0
  70                                                     0
  71                                                     0
  72                                                     0
  73                                                     0
  74                                                     0
  75                                                     0
  76                                                     0
  77                                                     0
  78                                                     0
  79                                                     0
  80                                                     0
  81                                                     0
  82                                                     0
  83                                                     0
  84                                                     0
  85                                                     0
  86                                                     0
  87                                                     0
  88                                                     0
  89                                                     0
  90                                                     0
  91                                                     0
  92                                                     0
  93                                                     0
  94                                                     0
  95                                                     0
  96                                                     0
  97                                                    17
  98                                                    17
  99                                                    17
  100                                                   17
  101                                                    0
  102                                                    0
  103                                                    0
  104                                                    0
  105                                                    0
  106                                                    0
  107                                                    0
  108                                                    0
  109                                                    0
  110                                                    0
  111                                                    0
  112                                                    0
  113                                                    0
  114                                                    0
  115                                                    0
  116                                                    0
  117                                                    0
  118                                                    0
  119                                                    0
  120                                                    0
  121                                                    0
  122                                                    0
  123                                                    0
  124                                                    0
  125                                                    0
  126                                                    0
  127                                                    0
  128                                                    0
     
      Medium thinning / Trenching
  1                            22
  2                            22
  3                            22
  4                            22
  5                             0
  6                             0
  7                             0
  8                             0
  9                             0
  10                            0
  11                            0
  12                            0
  13                            0
  14                            0
  15                            0
  16                            0
  17                            0
  18                            0
  19                            0
  20                            0
  21                            0
  22                            0
  23                            0
  24                            0
  25                            0
  26                            0
  27                            0
  28                            0
  29                            0
  30                            0
  31                            0
  32                            0
  33                            0
  34                            0
  35                            0
  36                            0
  37                            0
  38                            0
  39                            0
  40                            0
  41                           21
  42                           21
  43                           20
  44                           20
  45                            0
  46                            0
  47                            0
  48                            0
  49                            0
  50                            0
  51                            0
  52                            0
  53                           19
  54                           19
  55                           19
  56                           20
  57                            0
  58                            0
  59                            0
  60                            0
  61                            0
  62                            0
  63                            0
  64                            0
  65                            0
  66                            0
  67                            0
  68                            0
  69                            0
  70                            0
  71                            0
  72                            0
  73                            0
  74                            0
  75                            0
  76                            0
  77                            0
  78                            0
  79                            0
  80                            0
  81                            0
  82                            0
  83                            0
  84                            0
  85                            0
  86                            0
  87                            0
  88                            0
  89                            0
  90                            0
  91                            0
  92                            0
  93                           17
  94                           17
  95                           17
  96                           18
  97                            0
  98                            0
  99                            0
  100                           0
  101                           0
  102                           0
  103                           0
  104                           0
  105                           0
  106                           0
  107                           0
  108                           0
  109                           0
  110                           0
  111                           0
  112                           0
  113                           0
  114                           0
  115                           0
  116                           0
  117                           0
  118                           0
  119                           0
  120                           0
  121                           0
  122                           0
  123                           0
  124                           0
  125                           0
  126                           0
  127                           0
  128                           0
     
      No thinning / Pine without understory vegetation No thinning / Trenching
  1                                                  0                       0
  2                                                  0                       0
  3                                                  0                       0
  4                                                  0                       0
  5                                                  0                       0
  6                                                  0                       0
  7                                                  0                       0
  8                                                  0                       0
  9                                                  0                       0
  10                                                 0                       0
  11                                                 0                       0
  12                                                 0                       0
  13                                                 0                       0
  14                                                 0                       0
  15                                                 0                       0
  16                                                 0                       0
  17                                                 0                       0
  18                                                 0                       0
  19                                                 0                       0
  20                                                 0                       0
  21                                                 0                       0
  22                                                 0                       0
  23                                                 0                       0
  24                                                 0                       0
  25                                                 0                      22
  26                                                 0                      21
  27                                                 0                      20
  28                                                 0                      21
  29                                                22                       0
  30                                                21                       0
  31                                                20                       0
  32                                                21                       0
  33                                                 0                      21
  34                                                 0                      21
  35                                                 0                      20
  36                                                 0                      21
  37                                                21                       0
  38                                                21                       0
  39                                                21                       0
  40                                                21                       0
  41                                                 0                       0
  42                                                 0                       0
  43                                                 0                       0
  44                                                 0                       0
  45                                                 0                       0
  46                                                 0                       0
  47                                                 0                       0
  48                                                 0                       0
  49                                                 0                       0
  50                                                 0                       0
  51                                                 0                       0
  52                                                 0                       0
  53                                                 0                       0
  54                                                 0                       0
  55                                                 0                       0
  56                                                 0                       0
  57                                                 0                       0
  58                                                 0                       0
  59                                                 0                       0
  60                                                 0                       0
  61                                                 0                       0
  62                                                 0                       0
  63                                                 0                       0
  64                                                 0                       0
  65                                                 0                       0
  66                                                 0                       0
  67                                                 0                       0
  68                                                 0                       0
  69                                                 0                       0
  70                                                 0                       0
  71                                                 0                       0
  72                                                 0                       0
  73                                                 0                       0
  74                                                 0                       0
  75                                                 0                       0
  76                                                 0                       0
  77                                                 0                      17
  78                                                 0                      16
  79                                                 0                      17
  80                                                 0                      18
  81                                                17                       0
  82                                                17                       0
  83                                                17                       0
  84                                                18                       0
  85                                                 0                      17
  86                                                 0                      17
  87                                                 0                      16
  88                                                 0                      17
  89                                                16                       0
  90                                                17                       0
  91                                                17                       0
  92                                                18                       0
  93                                                 0                       0
  94                                                 0                       0
  95                                                 0                       0
  96                                                 0                       0
  97                                                 0                       0
  98                                                 0                       0
  99                                                 0                       0
  100                                                0                       0
  101                                                0                       0
  102                                                0                       0
  103                                                0                       0
  104                                                0                       0
  105                                                0                       0
  106                                                0                       0
  107                                                0                       0
  108                                                0                       0
  109                                                0                       0
  110                                                0                       0
  111                                                0                       0
  112                                                0                       0
  113                                                0                       0
  114                                                0                       0
  115                                                0                       0
  116                                                0                       0
  117                                                0                       0
  118                                                0                       0
  119                                                0                       0
  120                                                0                       0
  121                                                0                       0
  122                                                0                       0
  123                                                0                       0
  124                                                0                       0
  125                                                0                       0
  126                                                0                       0
  127                                                0                       0
  128                                                0                       0
     
      ht_uv ht_nuv ht_t mt_uv mt_nuv mt_t nt_nuv nt_t
  1       0      0    0     0      0   22      0    0
  2       0      0    0     0      0   22      0    0
  3       0      0    0     0      0   22      0    0
  4       0      0    0     0      0   22      0    0
  5       0      0    0     0     22    0      0    0
  6       0      0    0     0     22    0      0    0
  7       0      0    0     0     21    0      0    0
  8       0      0    0     0     22    0      0    0
  9       0      0    0    22      0    0      0    0
  10      0      0    0    21      0    0      0    0
  11      0      0    0    22      0    0      0    0
  12      0      0    0    22      0    0      0    0
  13      0      0   22     0      0    0      0    0
  14      0      0   22     0      0    0      0    0
  15      0      0   21     0      0    0      0    0
  16      0      0   22     0      0    0      0    0
  17      0     22    0     0      0    0      0    0
  18      0     22    0     0      0    0      0    0
  19      0     22    0     0      0    0      0    0
  20      0     22    0     0      0    0      0    0
  21     22      0    0     0      0    0      0    0
  22     22      0    0     0      0    0      0    0
  23     22      0    0     0      0    0      0    0
  24     21      0    0     0      0    0      0    0
  25      0      0    0     0      0    0      0   22
  26      0      0    0     0      0    0      0   21
  27      0      0    0     0      0    0      0   20
  28      0      0    0     0      0    0      0   21
  29      0      0    0     0      0    0     22    0
  30      0      0    0     0      0    0     21    0
  31      0      0    0     0      0    0     20    0
  32      0      0    0     0      0    0     21    0
  33      0      0    0     0      0    0      0   21
  34      0      0    0     0      0    0      0   21
  35      0      0    0     0      0    0      0   20
  36      0      0    0     0      0    0      0   21
  37      0      0    0     0      0    0     21    0
  38      0      0    0     0      0    0     21    0
  39      0      0    0     0      0    0     21    0
  40      0      0    0     0      0    0     21    0
  41      0      0    0     0      0   21      0    0
  42      0      0    0     0      0   21      0    0
  43      0      0    0     0      0   20      0    0
  44      0      0    0     0      0   20      0    0
  45      0      0    0     0     20    0      0    0
  46      0      0    0     0     20    0      0    0
  47      0      0    0     0     19    0      0    0
  48      0      0    0     0     21    0      0    0
  49      0      0    0    20      0    0      0    0
  50      0      0    0    20      0    0      0    0
  51      0      0    0    20      0    0      0    0
  52      0      0    0    21      0    0      0    0
  53      0      0    0     0      0   19      0    0
  54      0      0    0     0      0   19      0    0
  55      0      0    0     0      0   19      0    0
  56      0      0    0     0      0   20      0    0
  57      0      0    0     0     19    0      0    0
  58      0      0    0     0     19    0      0    0
  59      0      0    0     0     19    0      0    0
  60      0      0    0     0     20    0      0    0
  61      0      0    0    19      0    0      0    0
  62      0      0    0    19      0    0      0    0
  63      0      0    0    19      0    0      0    0
  64      0      0    0    19      0    0      0    0
  65      0      0   16     0      0    0      0    0
  66      0      0   16     0      0    0      0    0
  67      0      0   16     0      0    0      0    0
  68      0      0   17     0      0    0      0    0
  69      0     15    0     0      0    0      0    0
  70      0     15    0     0      0    0      0    0
  71      0     16    0     0      0    0      0    0
  72      0     17    0     0      0    0      0    0
  73     16      0    0     0      0    0      0    0
  74     16      0    0     0      0    0      0    0
  75     16      0    0     0      0    0      0    0
  76     17      0    0     0      0    0      0    0
  77      0      0    0     0      0    0      0   17
  78      0      0    0     0      0    0      0   16
  79      0      0    0     0      0    0      0   17
  80      0      0    0     0      0    0      0   18
  81      0      0    0     0      0    0     17    0
  82      0      0    0     0      0    0     17    0
  83      0      0    0     0      0    0     17    0
  84      0      0    0     0      0    0     18    0
  85      0      0    0     0      0    0      0   17
  86      0      0    0     0      0    0      0   17
  87      0      0    0     0      0    0      0   16
  88      0      0    0     0      0    0      0   17
  89      0      0    0     0      0    0     16    0
  90      0      0    0     0      0    0     17    0
  91      0      0    0     0      0    0     17    0
  92      0      0    0     0      0    0     18    0
  93      0      0    0     0      0   17      0    0
  94      0      0    0     0      0   17      0    0
  95      0      0    0     0      0   17      0    0
  96      0      0    0     0      0   18      0    0
  97      0      0    0     0     17    0      0    0
  98      0      0    0     0     17    0      0    0
  99      0      0    0     0     17    0      0    0
  100     0      0    0     0     17    0      0    0
  101     0      0    0    17      0    0      0    0
  102     0      0    0    17      0    0      0    0
  103     0      0    0    17      0    0      0    0
  104     0      0    0    19      0    0      0    0
  105     0      0   17     0      0    0      0    0
  106     0      0   17     0      0    0      0    0
  107     0      0   17     0      0    0      0    0
  108     0      0   18     0      0    0      0    0
  109     0     16    0     0      0    0      0    0
  110     0     17    0     0      0    0      0    0
  111     0     17    0     0      0    0      0    0
  112     0     18    0     0      0    0      0    0
  113    17      0    0     0      0    0      0    0
  114    16      0    0     0      0    0      0    0
  115    17      0    0     0      0    0      0    0
  116    18      0    0     0      0    0      0    0
  117     0      0   18     0      0    0      0    0
  118     0      0   18     0      0    0      0    0
  119     0      0   17     0      0    0      0    0
  120     0      0   19     0      0    0      0    0
  121     0     17    0     0      0    0      0    0
  122     0     18    0     0      0    0      0    0
  123     0     17    0     0      0    0      0    0
  124     0     19    0     0      0    0      0    0
  125    16      0    0     0      0    0      0    0
  126    17      0    0     0      0    0      0    0
  127    17      0    0     0      0    0      0    0
  128    19      0    0     0      0    0      0    0
  [1]   1   2   3   4   5   6   7   8   9  10  11  12  13  14  15  16  17  18
 [19]  19  20  21  22  23  24  25  26  27  28  29  30  31  32  33  34  35  36
 [37]  37  38  39  40  41  42  43  44  45  46  47  48  49  50  51  52  53  54
 [55]  55  56  57  58  59  60  61  62  63  64  65  66  67  68  69  70  71  72
 [73]  73  74  75  76  77  78  79  80  81  82  83  84  85  86  87  88  89  90
 [91]  91  92  93  94  95  96  97  98  99 100 101 102 103 104 105 106 107 108
[109] 109 110 111 112 113 114 115 116 117 118 119 120 121 122 123 124 125 126
[127] 127 128
  [1]   1   2   3   4   5   6   7   8   9  10  11  12  13  14  15  16  17  18
 [19]  19  20  21  22  23  24  25  26  27  28  29  30  31  32  33  34  35  36
 [37]  37  38  39  40  41  42  43  44  45  46  47  48  49  50  51  52  53  54
 [55]  55  56  57  58  59  60  61  62  63  64  65  66  67  68  69  70  71  72
 [73]  73  74  75  76  77  78  79  80  81  82  83  84  85  86  87  88  89  90
 [91]  91  92  93  94  95  96  97  98  99 100 101 102 103 104 105 106 107 108
[109] 109 110 111 112 113 114 115 116 117 118 119 120 121 122 123 124 125 126
[127] 127 128  NA
  [1]   1   2   3   4   5   6   7   8   9  10  11  12  13  14  15  16  17  18
 [19]  19  20  21  22  23  24  25  26  27  28  29  30  31  32  33  34  35  36
 [37]  37  38  39  40  41  42  43  44  45  46  47  48  49  50  51  52  53  54
 [55]  55  56  57  58  59  60  61  62  63  64  65  66  67  68  69  70  71  72
 [73]  73  74  75  76  77  78  79  80  81  82  83  84  85  86  87  88  89  90
 [91]  91  92  93  94  95  96  97  98  99 100 101 102 103 104 105 106 107 108
[109] 109 110 111 112 113 114 115 116 117 118 119 120 121 122 123 124 125 126
[127] 127 128 129 130 131 610 555 666
[1] 6
[1] 54
     
      Plot 1 Plot 10 Plot 11 Plot 12 Plot 2 Plot 3 Plot 4 Plot 5 Plot 6 Plot 7
  1       22       0       0       0      0      0      0      0      0      0
  2       22       0       0       0      0      0      0      0      0      0
  3       22       0       0       0      0      0      0      0      0      0
  4       22       0       0       0      0      0      0      0      0      0
  5       22       0       0       0      0      0      0      0      0      0
  6       22       0       0       0      0      0      0      0      0      0
  7       21       0       0       0      0      0      0      0      0      0
  8       22       0       0       0      0      0      0      0      0      0
  9       22       0       0       0      0      0      0      0      0      0
  10      22       0       0       0      0      0      0      0      0      0
  11      22       0       0       0      0      0      0      0      0      0
  12      22       0       0       0      0      0      0      0      0      0
  13       0       0       0       0     22      0      0      0      0      0
  14       0       0       0       0     22      0      0      0      0      0
  15       0       0       0       0     21      0      0      0      0      0
  16       0       0       0       0     22      0      0      0      0      0
  17       0       0       0       0     22      0      0      0      0      0
  18       0       0       0       0     22      0      0      0      0      0
  19       0       0       0       0     22      0      0      0      0      0
  20       0       0       0       0     22      0      0      0      0      0
  21       0       0       0       0     22      0      0      0      0      0
  22       0       0       0       0     22      0      0      0      0      0
  23       0       0       0       0     22      0      0      0      0      0
  24       0       0       0       0     21      0      0      0      0      0
  25       0       0       0       0      0     22      0      0      0      0
  26       0       0       0       0      0     22      0      0      0      0
  27       0       0       0       0      0     21      0      0      0      0
  28       0       0       0       0      0     22      0      0      0      0
  29       0       0       0       0      0     22      0      0      0      0
  30       0       0       0       0      0     22      0      0      0      0
  31       0       0       0       0      0     21      0      0      0      0
  32       0       0       0       0      0     22      0      0      0      0
  33       0       0       0       0      0      0     22      0      0      0
  34       0       0       0       0      0      0     22      0      0      0
  35       0       0       0       0      0      0     21      0      0      0
  36       0       0       0       0      0      0     22      0      0      0
  37       0       0       0       0      0      0     22      0      0      0
  38       0       0       0       0      0      0     22      0      0      0
  39       0       0       0       0      0      0     22      0      0      0
  40       0       0       0       0      0      0     22      0      0      0
  41       0       0       0       0      0      0      0     22      0      0
  42       0       0       0       0      0      0      0     22      0      0
  43       0       0       0       0      0      0      0     22      0      0
  44       0       0       0       0      0      0      0     22      0      0
  45       0       0       0       0      0      0      0     22      0      0
  46       0       0       0       0      0      0      0     22      0      0
  47       0       0       0       0      0      0      0     21      0      0
  48       0       0       0       0      0      0      0     22      0      0
  49       0       0       0       0      0      0      0     22      0      0
  50       0       0       0       0      0      0      0     22      0      0
  51       0       0       0       0      0      0      0     22      0      0
  52       0       0       0       0      0      0      0     22      0      0
  53       0       0       0       0      0      0      0      0     22      0
  54       0       0       0       0      0      0      0      0     22      0
  55       0       0       0       0      0      0      0      0     22      0
  56       0       0       0       0      0      0      0      0     22      0
  57       0       0       0       0      0      0      0      0     22      0
  58       0       0       0       0      0      0      0      0     22      0
  59       0       0       0       0      0      0      0      0     22      0
  60       0       0       0       0      0      0      0      0     22      0
  61       0       0       0       0      0      0      0      0     22      0
  62       0       0       0       0      0      0      0      0     22      0
  63       0       0       0       0      0      0      0      0     22      0
  64       0       0       0       0      0      0      0      0     21      0
  65       0       0       0       0      0      0      0      0      0     22
  66       0       0       0       0      0      0      0      0      0     22
  67       0       0       0       0      0      0      0      0      0     22
  68       0       0       0       0      0      0      0      0      0     22
  69       0       0       0       0      0      0      0      0      0     21
  70       0       0       0       0      0      0      0      0      0     21
  71       0       0       0       0      0      0      0      0      0     22
  72       0       0       0       0      0      0      0      0      0     22
  73       0       0       0       0      0      0      0      0      0     22
  74       0       0       0       0      0      0      0      0      0     22
  75       0       0       0       0      0      0      0      0      0     22
  76       0       0       0       0      0      0      0      0      0     22
  77       0       0       0       0      0      0      0      0      0      0
  78       0       0       0       0      0      0      0      0      0      0
  79       0       0       0       0      0      0      0      0      0      0
  80       0       0       0       0      0      0      0      0      0      0
  81       0       0       0       0      0      0      0      0      0      0
  82       0       0       0       0      0      0      0      0      0      0
  83       0       0       0       0      0      0      0      0      0      0
  84       0       0       0       0      0      0      0      0      0      0
  85       0       0       0       0      0      0      0      0      0      0
  86       0       0       0       0      0      0      0      0      0      0
  87       0       0       0       0      0      0      0      0      0      0
  88       0       0       0       0      0      0      0      0      0      0
  89       0       0       0       0      0      0      0      0      0      0
  90       0       0       0       0      0      0      0      0      0      0
  91       0       0       0       0      0      0      0      0      0      0
  92       0       0       0       0      0      0      0      0      0      0
  93       0      22       0       0      0      0      0      0      0      0
  94       0      22       0       0      0      0      0      0      0      0
  95       0      22       0       0      0      0      0      0      0      0
  96       0      22       0       0      0      0      0      0      0      0
  97       0      22       0       0      0      0      0      0      0      0
  98       0      22       0       0      0      0      0      0      0      0
  99       0      22       0       0      0      0      0      0      0      0
  100      0      21       0       0      0      0      0      0      0      0
  101      0      22       0       0      0      0      0      0      0      0
  102      0      22       0       0      0      0      0      0      0      0
  103      0      22       0       0      0      0      0      0      0      0
  104      0      22       0       0      0      0      0      0      0      0
  105      0       0      22       0      0      0      0      0      0      0
  106      0       0      22       0      0      0      0      0      0      0
  107      0       0      22       0      0      0      0      0      0      0
  108      0       0      22       0      0      0      0      0      0      0
  109      0       0      21       0      0      0      0      0      0      0
  110      0       0      22       0      0      0      0      0      0      0
  111      0       0      22       0      0      0      0      0      0      0
  112      0       0      22       0      0      0      0      0      0      0
  113      0       0      22       0      0      0      0      0      0      0
  114      0       0      21       0      0      0      0      0      0      0
  115      0       0      22       0      0      0      0      0      0      0
  116      0       0      22       0      0      0      0      0      0      0
  117      0       0       0      22      0      0      0      0      0      0
  118      0       0       0      22      0      0      0      0      0      0
  119      0       0       0      21      0      0      0      0      0      0
  120      0       0       0      22      0      0      0      0      0      0
  121      0       0       0      21      0      0      0      0      0      0
  122      0       0       0      22      0      0      0      0      0      0
  123      0       0       0      22      0      0      0      0      0      0
  124      0       0       0      22      0      0      0      0      0      0
  125      0       0       0      21      0      0      0      0      0      0
  126      0       0       0      21      0      0      0      0      0      0
  127      0       0       0      21      0      0      0      0      0      0
  128      0       0       0      22      0      0      0      0      0      0
     
      Plot 8 Plot 9
  1        0      0
  2        0      0
  3        0      0
  4        0      0
  5        0      0
  6        0      0
  7        0      0
  8        0      0
  9        0      0
  10       0      0
  11       0      0
  12       0      0
  13       0      0
  14       0      0
  15       0      0
  16       0      0
  17       0      0
  18       0      0
  19       0      0
  20       0      0
  21       0      0
  22       0      0
  23       0      0
  24       0      0
  25       0      0
  26       0      0
  27       0      0
  28       0      0
  29       0      0
  30       0      0
  31       0      0
  32       0      0
  33       0      0
  34       0      0
  35       0      0
  36       0      0
  37       0      0
  38       0      0
  39       0      0
  40       0      0
  41       0      0
  42       0      0
  43       0      0
  44       0      0
  45       0      0
  46       0      0
  47       0      0
  48       0      0
  49       0      0
  50       0      0
  51       0      0
  52       0      0
  53       0      0
  54       0      0
  55       0      0
  56       0      0
  57       0      0
  58       0      0
  59       0      0
  60       0      0
  61       0      0
  62       0      0
  63       0      0
  64       0      0
  65       0      0
  66       0      0
  67       0      0
  68       0      0
  69       0      0
  70       0      0
  71       0      0
  72       0      0
  73       0      0
  74       0      0
  75       0      0
  76       0      0
  77      22      0
  78      21      0
  79      22      0
  80      22      0
  81      22      0
  82      22      0
  83      22      0
  84      22      0
  85       0     22
  86       0     22
  87       0     21
  88       0     21
  89       0     21
  90       0     22
  91       0     22
  92       0     22
  93       0      0
  94       0      0
  95       0      0
  96       0      0
  97       0      0
  98       0      0
  99       0      0
  100      0      0
  101      0      0
  102      0      0
  103      0      0
  104      0      0
  105      0      0
  106      0      0
  107      0      0
  108      0      0
  109      0      0
  110      0      0
  111      0      0
  112      0      0
  113      0      0
  114      0      0
  115      0      0
  116      0      0
  117      0      0
  118      0      0
  119      0      0
  120      0      0
  121      0      0
  122      0      0
  123      0      0
  124      0      0
  125      0      0
  126      0      0
  127      0      0
  128      0      0
     
      Plot 1 Plot 10 Plot 11 Plot 12 Plot 2 Plot 3 Plot 4 Plot 5 Plot 6 Plot 7
  1       21       0       0       1      0      1      0      0      1      2
  2       21       0       0       1      0      1      0      0      1      2
  3       21       0       0       1      0      1      0      0      1      2
  4       21       0       0       1      0      1      0      0      1      2
  5       21       0       0       1      0      1      0      0      1      2
  6       21       0       0       1      0      1      0      0      1      2
  7       20       0       0       1      0      1      0      0      1      2
  8       21       0       0       1      0      1      0      0      1      2
  9       21       0       0       1      1      0      0      0      1      2
  10      20       0       0       1      1      0      0      0      1      1
  11      21       0       0       1      1      0      0      0      1      2
  12      21       0       0       1      1      0      0      0      1      2
  13       0       0       1       0     22      0      0      1      0      1
  14       0       0       1       0     22      0      0      1      0      0
  15       0       0       1       0     21      0      0      1      0      0
  16       0       0       1       0     22      0      0      1      0      0
  17       0       0       1       0     23      0      0      1      0      0
  18       0       0       1       0     22      0      0      1      0      0
  19       0       0       1       0     22      0      0      1      0      0
  20       0       0       1       0     22      0      0      1      0      0
  21       1       0       1       0     21      0      0      1      0      0
  22       1       0       1       0     21      0      0      2      0      0
  23       1       0       1       1     21      0      0      1      0      0
  24       1       0       1       0     20      0      0      0      0      0
  25       1       1       0       0      0     21      1      0      0      0
  26       1       1       0       0      0     21      1      0      0      0
  27       1       1       0       0      0     20      1      0      0      0
  28       1       1       0       0      0     21      1      0      0      0
  29       1       2       0       0      0     21      1      0      0      0
  30       1       3       0       0      0     21      1      0      0      0
  31       1       3       0       0      0     20      1      0      0      0
  32       0       3       0       0      0     21      1      0      0      0
  33       1       3       0       0      0      0     21      0      0      0
  34       0       3       0       0      0      0     21      0      0      0
  35       0       3       0       0      0      0     20      0      0      0
  36       0       3       0       0      0      0     21      0      0      0
  37       0       2       0       0      0      0     21      0      0      0
  38       0       2       0       0      0      0     21      0      0      0
  39       0       2       0       0      0      0     21      0      0      0
  40       0       2       0       0      0      0     21      0      0      0
  41       0       1       1       0      0      0      0     21      0      0
  42       0       0       2       0      0      0      0     21      0      0
  43       0       0       2       0      0      0      0     20      0      0
  44       0       0       2       0      0      0      0     20      0      0
  45       0       0       2       0      0      0      0     20      0      0
  46       0       0       2       0      0      0      0     21      0      0
  47       0       0       2       0      0      0      0     20      0      0
  48       0       0       2       0      0      0      0     21      0      0
  49       0       0       2       0      0      0      0     21      0      0
  50       0       0       2       0      0      0      0     21      0      0
  51       0       0       2       0      0      0      0     21      0      0
  52       0       0       2       0      0      0      0     21      0      0
  53       0       0       1       0      0      0      0      1     20      1
  54       0       0       0       1      0      0      0      1     20      1
  55       0       0       0       1      0      0      0      1     20      1
  56       0       0       0       1      0      0      0      0     21      1
  57       0       0       0       1      0      0      0      0     21      1
  58       0       0       0       1      0      0      0      0     21      1
  59       0       0       0       1      0      0      0      0     21      1
  60       0       0       0       1      0      0      0      0     21      1
  61       0       0       0       1      0      0      0      0     21      1
  62       0       0       0       1      0      0      0      0     21      1
  63       0       0       0       1      0      0      0      0     21      1
  64       0       0       0       1      0      0      0      0     20      1
  65       0       0       0       1      0      0      0      0      1     18
  66       0       0       0       0      0      0      0      0      1     18
  67       0       0       0       0      0      0      0      0      1     18
  68       0       0       0       0      0      0      0      0      0     19
  69       0       0       0       0      0      0      0      0      0     18
  70       0       0       0       0      0      0      0      0      0     18
  71       0       0       0       0      0      0      0      0      0     19
  72       0       0       0       0      0      0      0      0      0     19
  73       0       0       0       0      0      0      0      0      0     19
  74       0       0       0       0      0      0      0      0      0     19
  75       0       0       0       0      0      0      0      0      0     19
  76       0       0       0       0      0      0      0      0      0     19
  77       0       0       0       0      0      0      0      0      0      1
  78       0       0       0       0      0      0      0      0      0      1
  79       0       0       0       0      0      0      0      0      0      1
  80       0       0       0       0      0      0      0      0      0      0
  81       0       0       0       0      0      0      0      0      0      0
  82       0       0       0       0      0      0      0      0      0      0
  83       0       0       0       0      0      0      0      0      0      0
  84       0       0       0       0      0      0      0      0      0      0
  85       0       0       0       0      0      0      0      0      0      0
  86       0       0       0       0      0      0      0      0      0      0
  87       0       0       0       0      0      0      0      0      0      0
  88       0       0       0       0      0      0      0      0      0      0
  89       0       0       0       0      0      0      0      0      0      0
  90       0       0       0       0      0      0      0      0      0      0
  91       0       0       0       0      0      0      0      0      0      0
  92       0       0       0       0      0      0      0      0      0      0
  93       0      18       0       0      0      0      0      0      0      0
  94       0      18       0       0      0      0      0      0      0      0
  95       0      18       0       0      0      0      0      0      0      0
  96       0      19       0       0      0      0      0      0      0      0
  97       0      19       0       0      0      0      0      0      0      0
  98       0      19       0       0      0      0      0      0      0      0
  99       0      19       0       0      0      0      0      0      0      0
  100      0      18       0       0      0      0      0      0      0      0
  101      0      19       0       0      0      0      0      0      0      0
  102      0      19       0       0      0      0      0      0      0      0
  103      0      19       0       0      0      0      0      0      0      0
  104      0      20       0       0      0      0      0      0      0      0
  105      0       1      18       0      0      0      0      0      0      0
  106      0       1      18       0      0      0      0      0      0      0
  107      0       0      18       0      0      0      0      0      0      0
  108      0       0      19       0      0      0      0      0      0      0
  109      0       0      18       0      0      0      0      0      0      0
  110      0       0      19       0      0      0      0      0      0      0
  111      0       0      19       0      0      0      0      0      0      0
  112      0       0      19       0      0      0      0      0      0      0
  113      0       0      19       0      0      0      0      0      0      0
  114      0       0      18       0      0      0      0      0      0      0
  115      0       0      19       0      0      0      0      0      0      0
  116      0       0      19       0      0      0      0      0      0      0
  117      0       0       1      19      0      0      0      0      0      0
  118      0       0       1      19      0      0      0      0      0      0
  119      0       0       1      18      0      0      0      0      0      0
  120      0       0       0      20      0      0      0      0      0      0
  121      0       0       0      19      0      0      0      0      0      0
  122      0       0       0      20      0      0      0      0      0      0
  123      0       0       0      19      0      0      0      0      0      0
  124      0       0       0      20      0      0      0      0      0      0
  125      0       0       0      19      0      0      0      0      0      0
  126      0       0       0      19      0      0      0      0      0      0
  127      0       0       0      19      0      0      0      0      0      0
  128      0       0       0      20      0      0      0      0      0      0
  129      0       0       0       1      0      0      0      0      0      0
  130      0       0       0       1      0      0      0      0      0      0
  131      0       0       0       1      0      0      0      0      0      0
  555      0       0       0       0      0      0      0      0      0      0
  610      1       0       0       0      0      0      0      0      0      0
  666      0       0       0       0      0      0      0      0      0      0
     
      Plot 8 Plot 9
  1        0      0
  2        0      0
  3        0      0
  4        0      0
  5        0      0
  6        0      0
  7        0      0
  8        0      0
  9        0      0
  10       0      0
  11       0      0
  12       0      0
  13       1      0
  14       2      0
  15       2      0
  16       2      0
  17       2      0
  18       2      0
  19       2      0
  20       2      0
  21       1      1
  22       0      2
  23       0      2
  24       0      2
  25       0      2
  26       0      2
  27       0      2
  28       0      2
  29       0      1
  30       0      0
  31       0      0
  32       0      0
  33       0      0
  34       0      0
  35       0      0
  36       0      0
  37       0      1
  38       0      1
  39       0      1
  40       0      1
  41       0      1
  42       0      1
  43       0      1
  44       0      1
  45       1      0
  46       1      0
  47       1      0
  48       1      0
  49       1      0
  50       1      0
  51       1      0
  52       1      0
  53       0      0
  54       0      0
  55       0      0
  56       0      0
  57       0      0
  58       0      0
  59       0      0
  60       0      0
  61       0      0
  62       0      0
  63       0      0
  64       0      0
  65       0      0
  66       0      0
  67       0      0
  68       0      0
  69       0      0
  70       0      0
  71       0      0
  72       0      0
  73       0      0
  74       0      0
  75       0      0
  76       0      0
  77      18      0
  78      17      0
  79      18      0
  80      19      0
  81      19      0
  82      19      0
  83      19      0
  84      19      0
  85       1     18
  86       1     18
  87       1     17
  88       0     18
  89       0     18
  90       0     19
  91       0     19
  92       0     19
  93       0      1
  94       0      1
  95       0      1
  96       0      0
  97       0      0
  98       0      0
  99       0      0
  100      0      0
  101      0      0
  102      0      0
  103      0      0
  104      0      0
  105      0      0
  106      0      0
  107      0      0
  108      0      0
  109      0      0
  110      0      0
  111      0      0
  112      0      0
  113      0      0
  114      0      0
  115      0      0
  116      0      0
  117      0      0
  118      0      0
  119      0      0
  120      0      0
  121      0      0
  122      0      0
  123      0      0
  124      0      0
  125      0      0
  126      0      0
  127      0      0
  128      0      0
  129      0      0
  130      0      0
  131      0      0
  555      0      0
  610      0      0
  666      0      0
[1] 54
  point       date                                         subsiteid n
1   104 2022-08-23 Medium thinning / Pine with understory vegetation 2
[1] Monitoring.point.ID corrected_date      Sub.site.ID        
[4] n                  
<0 rows> (or 0-length row.names)
# A tibble: 0 × 7
# ℹ 7 variables: Monitoring.point.ID <int>, corrected_date <date>,
#   Sub.site.ID <chr>, Tsoil <dbl>, Msoil <dbl>, Tair <dbl>, row_number <int>
# A tibble: 2 × 23
  date       siteid      subsiteid point pointtype    j_ci j_flux j_slope j_intc
  <date>     <chr>       <chr>     <int> <chr>       <dbl>  <dbl>   <dbl>  <dbl>
1 2022-08-23 Saint Mitre Medium t…   104 ""        0.00266  0.804   0.549   414.
2 2022-08-23 Saint Mitre Medium t…   104 ""        0.00395  0.766   0.524   414.
# ℹ 14 more variables: j_trim_head <dbl>, j_trim_tail <dbl>, area <dbl>,
#   volume <dbl>, airtemp <dbl>, tsmoisture <dbl>, t05 <dbl>, t10 <dbl>,
#   t30 <dbl>, treatment <chr>, `2nd_treatment` <chr>, details <chr>,
#   trenched <chr>, row_id <int>
[1] "Moisture distribution table after adding covariates"
# A tibble: 19 × 5
   siteid                    min    max   mean     n
   <chr>                   <dbl>  <dbl>  <dbl> <int>
 1 Ränskälänkorpi        19.9    87.4   58.0    5474
 2 Dumbravita             9.8    53.9   31.5    3574
 3 RincondelBatovi       -8.22   52.0   29.7    2911
 4 Gamiz                  6.5    49.4   28.4    2413
 5 Karstula76             7.8    49.4   30.3    2089
 6 St Christol           14      49.3   35.0    1444
 7 Dobroc                 3      47.4   19.0    3121
 8 Kelheim-Parsberg       7.6    46.2   28.8    2276
 9 DumbravitaTrench       0.1    45.2   21.9    3167
10 Karstula75             7.8    44.3   28.7    1896
11 Wasserburg-Maitenbeth 11.3    44.1   31.8    1476
12 Kranzberg-Freising     0.024  41.9   19.6    2905
13 Llobera                0      39.6   11.3    3299
14 Secanella              0      38.2   11.0    3671
15 Saint Mitre            0      28.4    7.56   2421
16 Kacergine              6.34   26.7   15.2    1559
17 Zwolse Bos             0.0749  0.487  0.287  2224
18 Kroondomein            0.0596  0.466  0.298  2183
19 NP Hoge Veluwe         0.0310  0.334  0.189  2037
[1] "Moisture distribution table after scalingto percentages"
# A tibble: 19 × 5
   siteid                   min   max  mean     n
   <chr>                  <dbl> <dbl> <dbl> <int>
 1 Ränskälänkorpi        19.9    87.4 58.0   5474
 2 Dumbravita             9.8    53.9 31.5   3574
 3 RincondelBatovi       -8.22   52.0 29.7   2911
 4 Gamiz                  6.5    49.4 28.4   2413
 5 Karstula76             7.8    49.4 30.3   2089
 6 St Christol           14      49.3 35.0   1444
 7 Zwolse Bos             7.49   48.7 28.7   2224
 8 Dobroc                 3      47.4 19.0   3121
 9 Kroondomein            5.96   46.6 29.8   2183
10 Kelheim-Parsberg       7.6    46.2 28.8   2276
11 DumbravitaTrench       0.1    45.2 21.9   3167
12 Karstula75             7.8    44.3 28.7   1896
13 Wasserburg-Maitenbeth 11.3    44.1 31.8   1476
14 Kranzberg-Freising     0.024  41.9 19.6   2905
15 Llobera                0      39.6 11.3   3299
16 Secanella              0      38.2 11.0   3671
17 NP Hoge Veluwe         3.10   33.4 18.9   2037
18 Saint Mitre            0      28.4  7.56  2421
19 Kacergine              6.34   26.7 15.2   1559
[1] "Temperature at 5cm distribution table"
# A tibble: 19 × 5
   siteid                    min    max   mean     n
   <chr>                   <dbl>  <dbl>  <dbl> <int>
 1 Llobera                 0       41.6  23.4   3299
 2 Secanella               7.2     41.6  23.0   3671
 3 Saint Mitre             0       40.1  18.9   2421
 4 Gamiz                   4.5     30.6  13.6   2413
 5 Dumbravita              0.125   28.6  11.5   3574
 6 Ränskälänkorpi         -1.2     27.9  11.7   5474
 7 RincondelBatovi         7.75    27    16.6   2911
 8 St Christol             0.875   27    11.0   1444
 9 Kacergine               5.63    26.0  16.5   1559
10 Kranzberg-Freising      3.75    24.9  12.1   2905
11 DumbravitaTrench       -0.375   23.4  10.8   3167
12 Karstula75              2.7     18.8  10.9   1896
13 Karstula76              1.7     18.6  10.8   2089
14 Dobroc                 -8       18.3   8.66  3121
15 Wasserburg-Maitenbeth   3.81    17.9  12.4   1476
16 Kelheim-Parsberg        3.69    16.9  11.1   2276
17 Kroondomein           Inf     -Inf   NaN     2183
18 NP Hoge Veluwe        Inf     -Inf   NaN     2037
19 Zwolse Bos            Inf     -Inf   NaN     2224
Warning message:
There were 6 warnings in `summarise()`.
The first warning was:
ℹ In argument: `min = min(t05, na.rm = TRUE)`.
ℹ In group 10: `siteid = "Kroondomein"`.
Caused by warning in `min()`:
! no non-missing arguments to min; returning Inf
ℹ Run `dplyr::last_dplyr_warnings()` to see the 5 remaining warnings. 
[1] "Table of covariate values"
# A tibble: 3 × 4
  variable   zeros   NAs nonNAs
  <chr>      <int> <int>  <int>
1 tsmoisture   212  9757  40383
2 t05          168 11751  38389
3 airtemp       47  1559  48581
[1] "Moisture distribtion tabel after filtering out values <= 0"
# A tibble: 19 × 5
   siteid                   min   max  mean     n
   <chr>                  <dbl> <dbl> <dbl> <int>
 1 Ränskälänkorpi        19.9    87.4 58.0   5474
 2 Dumbravita             9.8    53.9 31.5   3574
 3 RincondelBatovi        8.64   52.0 32.9   2911
 4 Gamiz                  6.5    49.4 28.4   2413
 5 Karstula76             7.8    49.4 30.3   2089
 6 St Christol           14      49.3 35.0   1444
 7 Zwolse Bos             7.49   48.7 28.7   2224
 8 Dobroc                 3      47.4 19.0   3121
 9 Kroondomein            5.96   46.6 29.8   2183
10 Kelheim-Parsberg       7.6    46.2 28.8   2276
11 DumbravitaTrench       0.1    45.2 21.9   3167
12 Karstula75             7.8    44.3 28.7   1896
13 Wasserburg-Maitenbeth 11.3    44.1 31.8   1476
14 Kranzberg-Freising     0.024  41.9 19.6   2905
15 Llobera                0.1    39.6 11.4   3299
16 Secanella              0.1    38.2 11.0   3671
17 NP Hoge Veluwe         3.10   33.4 18.9   2037
18 Saint Mitre            0.1    28.4  8.23  2421
19 Kacergine              6.34   26.7 15.2   1559
[1] "Table of covariate values after 0 removal in moisture"
# A tibble: 3 × 4
  variable   zeros   NAs nonNAs
  <chr>      <int> <int>  <int>
1 tsmoisture     0 10204  39936
2 t05          168 11751  38389
3 airtemp       47  1559  48581
[1] "Script run succesfully"

real	0m45.240s
user	0m28.160s
sys	0m1.075s
JobID            MaxRSS    Elapsed     ReqMem      State 
------------ ---------- ---------- ---------- ---------- 
30592488                  00:00:50         2G    RUNNING 
30592488.ba+              00:00:50               RUNNING 
30592488.ex+              00:00:50               RUNNING 
Job ended at: Tue Nov 18 16:56:06 EET 2025
